Traceback (most recent call last):
  File "C:\Users\kamil\AppData\Roaming\Python\Python39\site-packages\jupyter_cache\executors\utils.py", line 58, in single_nb_execution
    executenb(
  File "C:\ProgramData\Anaconda3\lib\site-packages\nbclient\client.py", line 1204, in execute
    return NotebookClient(nb=nb, resources=resources, km=km, **kwargs).execute()
  File "C:\ProgramData\Anaconda3\lib\site-packages\nbclient\util.py", line 84, in wrapped
    return just_run(coro(*args, **kwargs))
  File "C:\ProgramData\Anaconda3\lib\site-packages\nbclient\util.py", line 62, in just_run
    return loop.run_until_complete(coro)
  File "C:\ProgramData\Anaconda3\lib\asyncio\base_events.py", line 647, in run_until_complete
    return future.result()
  File "C:\ProgramData\Anaconda3\lib\site-packages\nbclient\client.py", line 663, in async_execute
    await self.async_execute_cell(
  File "C:\ProgramData\Anaconda3\lib\site-packages\nbclient\client.py", line 965, in async_execute_cell
    await self._check_raise_for_error(cell, cell_index, exec_reply)
  File "C:\ProgramData\Anaconda3\lib\site-packages\nbclient\client.py", line 862, in _check_raise_for_error
    raise CellExecutionError.from_cell_and_msg(cell, exec_reply_content)
nbclient.exceptions.CellExecutionError: An error occurred while executing the following cell:
------------------
# Implementacja modelu sieci neuronowej
model = Sequential([
    Dense(4, activation='relu', input_shape=(X_train.shape[1],)),  # Warstwa ukryta
    Dense(1, activation='sigmoid')  # Warstwa wyjściowa dla klasyfikacji binarnej
])

# Kompilacja modelu
model.compile(optimizer=Adam(learning_rate=0.01), loss='binary_crossentropy', metrics=['accuracy'])

# Trenowanie modelu
history = model.fit(X_train, y_train, validation_split=0.2, epochs=50, batch_size=8, verbose=1)

# Ocena modelu na zbiorze testowym
test_loss, test_accuracy = model.evaluate(X_test, y_test, verbose=0)
print(f"Test Loss: {test_loss:.4f}, Test Accuracy: {test_accuracy:.4f}")
------------------

[1;31m---------------------------------------------------------------------------[0m
[1;31mNameError[0m                                 Traceback (most recent call last)
Input [1;32mIn [13][0m, in [0;36m<cell line: 2>[1;34m()[0m
[0;32m      1[0m [38;5;66;03m# Implementacja modelu sieci neuronowej[39;00m
[1;32m----> 2[0m model [38;5;241m=[39m [43mSequential[49m([
[0;32m      3[0m     Dense([38;5;241m4[39m, activation[38;5;241m=[39m[38;5;124m'[39m[38;5;124mrelu[39m[38;5;124m'[39m, input_shape[38;5;241m=[39m(X_train[38;5;241m.[39mshape[[38;5;241m1[39m],)),  [38;5;66;03m# Warstwa ukryta[39;00m
[0;32m      4[0m     Dense([38;5;241m1[39m, activation[38;5;241m=[39m[38;5;124m'[39m[38;5;124msigmoid[39m[38;5;124m'[39m)  [38;5;66;03m# Warstwa wyjściowa dla klasyfikacji binarnej[39;00m
[0;32m      5[0m ])
[0;32m      7[0m [38;5;66;03m# Kompilacja modelu[39;00m
[0;32m      8[0m model[38;5;241m.[39mcompile(optimizer[38;5;241m=[39mAdam(learning_rate[38;5;241m=[39m[38;5;241m0.01[39m), loss[38;5;241m=[39m[38;5;124m'[39m[38;5;124mbinary_crossentropy[39m[38;5;124m'[39m, metrics[38;5;241m=[39m[[38;5;124m'[39m[38;5;124maccuracy[39m[38;5;124m'[39m])

[1;31mNameError[0m: name 'Sequential' is not defined
NameError: name 'Sequential' is not defined

